2025-06-13 21:54:38,155 INFO o.s.b.StartupInfoLogger [main] Starting TaskoApplication using Java 17.0.10 with PID 37081 (/Users/codeinium/programming/tasko-project/sem-work-3-codeinium/backend/tasko/target/classes started by codeinium in /Users/codeinium/programming/tasko-project/sem-work-3-codeinium/backend/tasko)
2025-06-13 21:54:38,155 DEBUG o.s.b.StartupInfoLogger [main] Running with Spring Boot v3.5.0, Spring v6.2.7
2025-06-13 21:54:38,156 INFO o.s.b.SpringApplication [main] No active profile set, falling back to 1 default profile: "default"
2025-06-13 21:54:43,884 DEBUG o.s.w.f.GenericFilterBean [main] Filter 'jwtAuthenticationFilter' configured for use
2025-06-13 21:54:46,012 INFO o.s.b.StartupInfoLogger [main] Started TaskoApplication in 8.612 seconds (process running for 9.395)
2025-06-13 22:25:47,422 INFO o.s.b.StartupInfoLogger [main] Starting TaskoApplication using Java 17.0.10 with PID 37929 (/Users/codeinium/programming/tasko-project/sem-work-3-codeinium/backend/tasko/target/classes started by codeinium in /Users/codeinium/programming/tasko-project/sem-work-3-codeinium/backend/tasko)
2025-06-13 22:25:47,425 DEBUG o.s.b.StartupInfoLogger [main] Running with Spring Boot v3.5.0, Spring v6.2.7
2025-06-13 22:25:47,427 INFO o.s.b.SpringApplication [main] No active profile set, falling back to 1 default profile: "default"
2025-06-13 22:25:54,431 DEBUG o.s.w.f.GenericFilterBean [main] Filter 'jwtAuthenticationFilter' configured for use
2025-06-13 22:25:56,496 INFO o.s.b.StartupInfoLogger [main] Started TaskoApplication in 9.991 seconds (process running for 10.737)
2025-06-13 22:27:41,453 INFO o.s.b.StartupInfoLogger [main] Starting TaskoApplication using Java 17.0.10 with PID 38099 (/Users/codeinium/programming/tasko-project/sem-work-3-codeinium/backend/tasko/target/classes started by codeinium in /Users/codeinium/programming/tasko-project/sem-work-3-codeinium/backend/tasko)
2025-06-13 22:27:41,454 DEBUG o.s.b.StartupInfoLogger [main] Running with Spring Boot v3.5.0, Spring v6.2.7
2025-06-13 22:27:41,455 INFO o.s.b.SpringApplication [main] No active profile set, falling back to 1 default profile: "default"
2025-06-13 22:27:47,913 DEBUG o.s.w.f.GenericFilterBean [main] Filter 'jwtAuthenticationFilter' configured for use
2025-06-13 22:27:53,137 INFO o.s.b.StartupInfoLogger [main] Started TaskoApplication in 12.305 seconds (process running for 12.943)
2025-06-13 22:33:02,043 INFO o.s.b.StartupInfoLogger [main] Starting TaskoApplication using Java 17.0.10 with PID 38505 (/Users/codeinium/programming/tasko-project/sem-work-3-codeinium/backend/tasko/target/classes started by codeinium in /Users/codeinium/programming/tasko-project/sem-work-3-codeinium/backend/tasko)
2025-06-13 22:33:02,043 DEBUG o.s.b.StartupInfoLogger [main] Running with Spring Boot v3.5.0, Spring v6.2.7
2025-06-13 22:33:02,044 INFO o.s.b.SpringApplication [main] No active profile set, falling back to 1 default profile: "default"
2025-06-13 22:33:06,695 DEBUG o.s.w.f.GenericFilterBean [main] Filter 'jwtAuthenticationFilter' configured for use
2025-06-13 22:33:08,349 INFO o.s.b.StartupInfoLogger [main] Started TaskoApplication in 6.906 seconds (process running for 7.468)
2025-06-13 22:44:31,974 INFO r.k.c.t.c.ProfileController [http-nio-8080-exec-6] Received request to upload photo for user
2025-06-13 22:44:31,975 INFO r.k.c.t.c.ProfileController [http-nio-8080-exec-6] Uploading photo for user ID: 1
2025-06-13 22:44:32,019 INFO r.k.c.t.c.ProfileController [http-nio-8080-exec-6] Photo saved to: src/main/resources/static/uploads/1/photo.jpg
2025-06-13 22:44:32,056 INFO r.k.c.t.c.ProfileController [http-nio-8080-exec-6] Photo uploaded successfully for user ID: 1
